
ROM used:   54/1024 (5%)
            54/1024 (5%) including unused fragments

            0.1 Average locations per line
            3.9 Average locations per statement

RAM used:   5/68 (7%) at main() level
            6/68 (9%) worst case

Stack used: 1 worst case (1 in main + 0 for interrupts)
Stack size: 8

Lines Stmts  %   Files
----- ----- ---  -----
   41    14 100  SW_ON_OFF_Relay.c
  404     0   0  ..\..\..\..\..\Program Files (x86)\PICC\devices\16f84a.h
----- -----
  445    14 Total

Page ROM  %  RAM   Vol Diff  Functions:
---- --- --- ---   --- ----  ----------
0     20  37    1    32  1.6  @delay_ms1
0     30  56    0   265  4.1  main
 Inline         0             @cinit1

Program metrics:
    Functions               2
    Statements              14
    Comments                84
    Volume (V)              340
    Difficulty (D)          5.6
    Effort to implement (E) 1904
    Time to implement (T)   2 minutes
    Est Delivered Bugs (B)  0
    Cyclomatic Complexity   2
    Maintainability (MI)    84

 Segment     Used  Free
-----------  ----  ----
00000-00003     4  0  
00004-003FF    50  970  



